Where i want to go ?
Where i come from ?
good good study,day day up!
厕所里的蜘蛛精，美声之咏叹调。工作繁忙，自我总结不怠。
##一日三省吾身可知己##
知己者方可知彼，知己知彼，百战不殆。
*********************************************
为什么想要跳进同一个坑很多次？第一次是不知道有坑，第二次是草长起来了掩盖了坑的边缘，第三次照例是野草又茂盛的长出来了。。。
所以我需要扪心自问一下：
1.我去的目的是？
占有一定股份，做一份自己的事业，多一份收入。
2.我想要去那里的动机是否单纯有力？
不单纯，有兴趣兴趣不大，
3.他为什么想要我去？
缺人，之前退出没有立即叫我回去是因为不缺人，现在缺人。他还是想做出自己的一番事业来。
4.为什么他要谈分股份？
想要以此画饼吸引我们过去做事。同时均摊责任。
5.为什么他要规定时间和责任？
提高工作积极性，避免拖沓散漫的情况出现。
6.我之前为什么退出？
第一次是因为没时间要耍朋友，而且一直生活在一起，有点不满意他的生活习惯，他做东西也不分享汇报自己的工作进度，需要我帮助时就大概说一下。
第二次是因为，来了新人，我没有做下去的必要了，事实证明确实如此。他也没叫我回去，其中一部分原因也有不愿打扰我耍朋友。想来想去有我不上心的原因，
也有他不能很好的把心中的方案讲出来，不愿介绍透露太多技术细节，可能他也不清楚具体的方案。应该大大方方的介绍出来，不拘泥于自己的想法，接受大家的讨论。
7.如果去我能够很好的做下去吗？
不一定，因为没有足够的精力，而且他也没有变，一切还是老样子，去了也是一切照旧。我的精力应该集中起来做一件事，认真做一件事而不是东一榔头西一锤子
的随心所欲来搞。
8.我是否有更好的打算？
我有更好的打算。当然我目前的想法可能受当前环境影响想的不够深刻。但是我知道自己想去慢慢磨砺自己的模拟电路设计能力，设计软件是其次主要在于电路的理解是否
深刻，但是换句话来讲，多学习几种程序语言也有助于自己的思维提升和方便日后的编程操作。我就是想自己设计电路，自己编写程序，不一定要精通各方各面但是要
从底层的硬件到上层的应用界面都应略知一二，在后来自己突然灵光乍现之机可以立马转换为生产力。
*******************************************************************************************************************************
#1 Creat an userguide doc for Github.
#2 commit the simulate report doc.
#3 refuce the WuLibo's welcome.

##劳动节暂行安排事宜##
计划观影《最后的棒棒》。
五月二号去俊梅姐家。
解决Xshell局域网内访问主机的卡顿问题，完成vncviewer登录到普通用户的界面。
调整作息，调整作息，调整作息！早睡9:30,morning at 6:00.
撑懒腰后烧水两杯，打米糊糊，煎蛋，煎饼。 5+2+2+7+12=28~30
6.30：10分钟专业文档翻译，10分钟eatting，5分钟洗碗，5分钟换衣。
7.00：出门，25分钟路程。
7.30：整理公司桌面，计划当天工作内容，主次分明。
12.0：午餐，午休。
13.0:整理上午工作结果写Tower，继续上午工作。
16.0:整理Tower报告。
16.20：准备第二天工作开头。
17.00：无事下班，有事加班。
35分钟路程。
17.40：准备晚餐。
18.40：晚餐，20分钟洗碗，10分钟打扫卫生，30分钟洗衣，20分钟洗澡。
20.00:自由活动60分钟，后30分钟结尾。
21.30：上床睡觉。
*******************************************************************************************************************************
落在小天井里，两眼琢磨着虫子，抬头望一眼天，想起一段历史来。
*******************************************************************************************************************************
"SAR电路设计方法思考"
    自觉对SAR的理解已经过半，但要细细追问起来，其实不过表面肤浅的感性认识。拿起笔来计算时，又总是忘掉一些基本的数学和电路分析知识。
    之前的理解都是明明白白的，过些时间回过头去看，大多只是些模糊的映象，似乎从来没进行过细致深入的理解。事实上是有的，因为
没有做过系统的梳理和论证以及存下文档，才导致映象不深刻。之前虽有认真的计算、分析和思考，却总是当时理解后就不太care了。那么
我自问一句，为什么当时明白不立即写成文档了？对于这个问题，脑海里自然现出的答案是没有记录的时间，工作中遇到的问题不能及时记录
是因为还得继续工作，不然工作是不能按时完成的。老大只要结果，我自然不能在某一个问题上纠结太多时间。当然，我自己做事也不太会合理
的安排，有些随意，这应该是导致我不能及时梳理问题的主要原因。合理安排当天的工作，能够提高效率。最棘手的事用一般的精力，最重要的
事用最好的精力，最紧要的事用当下的时间解决。
    今天下午review我仿真的VRAFE电路。有好些特性并未仿真到，并不是不好仿真，而是对整个电路没有深入的理解，根本想不到要去Care那
些仿真点。有些专业术语，听的我一愣一愣的。第一次听说FIB(Focused Ion Beam)，让我不禁联想到美国中央情报局。其实是修改芯片电路的
一种技术---聚焦离子束，它可以刻蚀晶面得到电路器件剖面，便于工程师测试。我想细致了解一下版图上对于FIB的处理，问了公司员工，可能
是怕麻烦的原因大概说了一下有这么回事，具体操作没有细讲。尝试找资料未果。我的模拟电路设计还有很多功课要补，希望自己在工作之余还
能花些时间在技术的学习上。我学东西慢，喜欢慢慢琢磨，通常只花一个小时的工作我可能需要2到3个小时的时间去理解或是做验证。学的多而
杂已经够费精力了，还要学的仔细，我真佩服那些以优异的成绩毕业的大牛。
   我的思维模式被现在的工作搞乱了，我要重新掌控自己。应该可以背写古诗词来锻炼自己的大脑。开始一个项目就应当列一个清单，一项一
项完成，遇到意外的情况要分轻重缓急考虑什么时候再去Care它，不要过分耽误工期。列出明细可以很好的掌控工作节奏。


##公司福利调整，我也即将离开公寓或者说离开公司，公司最后能留住我的东西也叫自以为是的高层拿走了。时间似乎又回到一年前，我需要去外面鱼龙混杂的租房市场找一处安身之地。浏览各种社区和招租贴，注册各种租房App，房子一般，地段尚可，租金很高。其中还充斥着各种歪瓜裂枣的骗子，或是敲竹杠的人。这才回过神来，外面的生活依旧，只不过我视而不见罢了，经济收入是一张无形的网将我们分成一层又一层。。。终于导致精神隔离乃至生殖隔离。##


###2020/03/07
今天加班，在一台遗弃的lenovo tablet 上安装了简易版的centos。现在正在测试中。后面有机会做个记录，总结下装机经验。

















*******************************************************************************************************************************
